    1  exit
    2  pwd;find . | sort | sed '1d;s/^\.//;s/\/\([^/]*\)$/|--\1/;s/\/[^/|]*/|  /g'
    3  ls
    4  ls /
    5  cd vagrant
    6  cd server_lesson
    7  ls /usr
    8  cd /vagrant
    9  ls /
   10  ls
   11  cd /server_lesson
   12  cd server_lesson
   13  ls
   14  pwd;find . | sort | sed '1d;s/^\.//;s/\/\([^/]*\)$/|--\1/;s/\/[^/|]*/|  /g'
   15  cd linux_practice2
   16  vi .gitignore
   17  pwd;find . | sort | sed '1d;s/^\.//;s/\/\([^/]*\)$/|--\1/;s/\/[^/|]*/|  /g'
   18  git add .
   19  git status
   20  git commit -m 'first_review'
   21  git branch
   22  git branch -r
   23  git push origin master
   24  git log
   25  cd documents
   26  ls
   27  rm gizumo55.sample
   28  ls
   29  rm gizumo[56..60].sample
   30  rm gizumo{56..60}.sample
   31  ls
   32  cd ..
   33  ls
   34  history 300 > exec_command.log
